<html>
<head>
<title>TestNG:  RedBus Tests</title>
<link href="../testng.css" rel="stylesheet" type="text/css" />
<link href="../my-testng.css" rel="stylesheet" type="text/css" />

<style type="text/css">
.log { display: none;} 
.stack-trace { display: none;} 
</style>
<script type="text/javascript">
<!--
function flip(e) {
  current = e.style.display;
  if (current == 'block') {
    e.style.display = 'none';
    return 0;
  }
  else {
    e.style.display = 'block';
    return 1;
  }
}

function toggleBox(szDivId, elem, msg1, msg2)
{
  var res = -1;  if (document.getElementById) {
    res = flip(document.getElementById(szDivId));
  }
  else if (document.all) {
    // this is the way old msie versions work
    res = flip(document.all[szDivId]);
  }
  if(elem) {
    if(res == 0) elem.innerHTML = msg1; else elem.innerHTML = msg2;
  }

}

function toggleAllBoxes() {
  if (document.getElementsByTagName) {
    d = document.getElementsByTagName('div');
    for (i = 0; i < d.length; i++) {
      if (d[i].className == 'log') {
        flip(d[i]);
      }
    }
  }
}

// -->
</script>

</head>
<body>
<h2 align='center'>RedBus Tests</h2><table border='1' align="center">
<tr>
<td>Tests passed/Failed/Skipped:</td><td>9/1/1</td>
</tr><tr>
<td>Started on:</td><td>Sun Apr 21 18:53:19 IST 2024</td>
</tr>
<tr><td>Total time:</td><td>134 seconds (134925 ms)</td>
</tr><tr>
<td>Included groups:</td><td></td>
</tr><tr>
<td>Excluded groups:</td><td></td>
</tr>
</table><p/>
<small><i>(Hover the method name to see the test class name)</i></small><p/>
<table width='100%' border='1' class='invocation-failed'>
<tr><td colspan='4' align='center'><b>FAILED TESTS</b></td></tr>
<tr><td><b>Test method</b></td>
<td width="30%"><b>Exception</b></td>
<td width="10%"><b>Time (seconds)</b></td>
<td><b>Instance</b></td>
</tr>
<tr>
<td title='com.redbus.test.RedBusHomeTest.verifyTrainPage()'><b>verifyTrainPage</b><br>Test class: com.redbus.test.RedBusHomeTest</td>
<td><div><pre>java.lang.AssertionError: expected [redRail: Train  Booking] but found [redRail: Train Ticket Booking]
	at com.redbus.test.RedBusHomeTest.verifyTrainPage(RedBusHomeTest.java:37)
	at java.base/java.util.ArrayList.forEach(ArrayList.java:1511)
	at java.base/java.util.concurrent.FutureTask.run(FutureTask.java:264)
	at java.base/java.util.concurrent.ThreadPoolExecutor.runWorker(ThreadPoolExecutor.java:1136)
	at java.base/java.util.concurrent.ThreadPoolExecutor$Worker.run(ThreadPoolExecutor.java:635)
	at java.base/java.lang.Thread.run(Thread.java:840)
... Removed 24 stack frames</pre></div><a href='#' onClick='toggleBox("stack-trace727711558", this, "Click to show all stack frames", "Click to hide stack frames")'>Click to show all stack frames</a>
<div class='stack-trace' id='stack-trace727711558'><pre>java.lang.AssertionError: expected [redRail: Train  Booking] but found [redRail: Train Ticket Booking]
	at org.testng.Assert.fail(Assert.java:99)
	at org.testng.Assert.failNotEquals(Assert.java:1037)
	at org.testng.Assert.assertEqualsImpl(Assert.java:140)
	at org.testng.Assert.assertEquals(Assert.java:122)
	at org.testng.Assert.assertEquals(Assert.java:629)
	at org.testng.Assert.assertEquals(Assert.java:639)
	at com.redbus.test.RedBusHomeTest.verifyTrainPage(RedBusHomeTest.java:37)
	at java.base/jdk.internal.reflect.NativeMethodAccessorImpl.invoke0(Native Method)
	at java.base/jdk.internal.reflect.NativeMethodAccessorImpl.invoke(NativeMethodAccessorImpl.java:77)
	at java.base/jdk.internal.reflect.DelegatingMethodAccessorImpl.invoke(DelegatingMethodAccessorImpl.java:43)
	at java.base/java.lang.reflect.Method.invoke(Method.java:568)
	at org.testng.internal.MethodInvocationHelper.invokeMethod(MethodInvocationHelper.java:133)
	at org.testng.internal.TestInvoker.invokeMethod(TestInvoker.java:598)
	at org.testng.internal.TestInvoker.retryFailed(TestInvoker.java:213)
	at org.testng.internal.MethodRunner.runInSequence(MethodRunner.java:58)
	at org.testng.internal.TestInvoker$MethodInvocationAgent.invoke(TestInvoker.java:824)
	at org.testng.internal.TestInvoker.invokeTestMethods(TestInvoker.java:146)
	at org.testng.internal.TestMethodWorker.invokeTestMethods(TestMethodWorker.java:146)
	at org.testng.internal.TestMethodWorker.run(TestMethodWorker.java:128)
	at java.base/java.util.ArrayList.forEach(ArrayList.java:1511)
	at org.testng.TestRunner.privateRun(TestRunner.java:794)
	at org.testng.TestRunner.run(TestRunner.java:596)
	at org.testng.SuiteRunner.runTest(SuiteRunner.java:377)
	at org.testng.SuiteRunner.access$000(SuiteRunner.java:28)
	at org.testng.SuiteRunner$SuiteWorker.run(SuiteRunner.java:418)
	at org.testng.internal.thread.ThreadUtil.lambda$execute$0(ThreadUtil.java:64)
	at java.base/java.util.concurrent.FutureTask.run(FutureTask.java:264)
	at java.base/java.util.concurrent.ThreadPoolExecutor.runWorker(ThreadPoolExecutor.java:1136)
	at java.base/java.util.concurrent.ThreadPoolExecutor$Worker.run(ThreadPoolExecutor.java:635)
	at java.base/java.lang.Thread.run(Thread.java:840)
</pre></div></td>
<td>3</td>
<td>com.redbus.test.RedBusHomeTest@169bb4dd</td></tr>
</table><p>
<table width='100%' border='1' class='invocation-passed'>
<tr><td colspan='4' align='center'><b>PASSED TESTS</b></td></tr>
<tr><td><b>Test method</b></td>
<td width="30%"><b>Exception</b></td>
<td width="10%"><b>Time (seconds)</b></td>
<td><b>Instance</b></td>
</tr>
<tr>
<td title='com.redbus.test.RedBusSearchBusTest.invalidSearch()'><b>invalidSearch</b><br>Test class: com.redbus.test.RedBusSearchBusTest<br>Parameters: 123456709765e, Delhi, 20-May 2024, India's No. 1 Online Bus Ticket Booking Site</td>
<td></td>
<td>9</td>
<td>com.redbus.test.RedBusSearchBusTest@7fb4f2a9</td></tr>
<tr>
<td title='com.redbus.test.RedBusSearchBusTest.validSearch()'><b>validSearch</b><br>Test class: com.redbus.test.RedBusSearchBusTest<br>Parameters: Delhi, Meerut, 21-May 2024, Delhi to Meerut Bus</td>
<td></td>
<td>14</td>
<td>com.redbus.test.RedBusSearchBusTest@7fb4f2a9</td></tr>
<tr>
<td title='com.redbus.test.RedBusHomeTest.verifyNaviagteToHomePageBreadcrumb()'><b>verifyNaviagteToHomePageBreadcrumb</b><br>Test class: com.redbus.test.RedBusHomeTest</td>
<td></td>
<td>3</td>
<td>com.redbus.test.RedBusHomeTest@169bb4dd</td></tr>
<tr>
<td title='com.redbus.test.RedBusHelpTest.verifyTechnicalHelp()'><b>verifyTechnicalHelp</b><br>Test class: com.redbus.test.RedBusHelpTest</td>
<td></td>
<td>8</td>
<td>com.redbus.test.RedBusHelpTest@626abbd0</td></tr>
<tr>
<td title='com.redbus.test.RedBusSearchBusTest.invalidSearch()'><b>invalidSearch</b><br>Test class: com.redbus.test.RedBusSearchBusTest<br>Parameters: Mumbai, 123456709765e, 21-May 2024, India's No. 1 Online Bus Ticket Booking Site</td>
<td></td>
<td>9</td>
<td>com.redbus.test.RedBusSearchBusTest@7fb4f2a9</td></tr>
<tr>
<td title='com.redbus.test.RedBusHomeTest.verifyHomePageDeafault()'><b>verifyHomePageDeafault</b><br>Test class: com.redbus.test.RedBusHomeTest</td>
<td></td>
<td>0</td>
<td>com.redbus.test.RedBusHomeTest@169bb4dd</td></tr>
<tr>
<td title='com.redbus.test.RedBusHomeTest.verifyHelpPage()'><b>verifyHelpPage</b><br>Test class: com.redbus.test.RedBusHomeTest</td>
<td></td>
<td>4</td>
<td>com.redbus.test.RedBusHomeTest@169bb4dd</td></tr>
<tr>
<td title='com.redbus.test.RedBusSearchBusTest.validSearch()'><b>validSearch</b><br>Test class: com.redbus.test.RedBusSearchBusTest<br>Parameters: Meerut, Delhi, 20-May 2024, Meerut to Delhi Bus</td>
<td></td>
<td>12</td>
<td>com.redbus.test.RedBusSearchBusTest@7fb4f2a9</td></tr>
<tr>
<td title='com.redbus.test.RedBusHomeTest.verifyNaviagteToHomePageRedBusLogo()'><b>verifyNaviagteToHomePageRedBusLogo</b><br>Test class: com.redbus.test.RedBusHomeTest</td>
<td></td>
<td>4</td>
<td>com.redbus.test.RedBusHomeTest@169bb4dd</td></tr>
</table><p>
<table width='100%' border='1' class='invocation-skipped'>
<tr><td colspan='4' align='center'><b>SKIPPED TESTS</b></td></tr>
<tr><td><b>Test method</b></td>
<td width="30%"><b>Exception</b></td>
<td width="10%"><b>Time (seconds)</b></td>
<td><b>Instance</b></td>
</tr>
<tr>
<td title='com.redbus.test.RedBusHomeTest.verifyTrainPage()'><b>verifyTrainPage</b><br>Test class: com.redbus.test.RedBusHomeTest</td>
<td><div><pre>java.lang.AssertionError: expected [redRail: Train  Booking] but found [redRail: Train Ticket Booking]
	at com.redbus.test.RedBusHomeTest.verifyTrainPage(RedBusHomeTest.java:37)
	at java.base/java.util.ArrayList.forEach(ArrayList.java:1511)
	at java.base/java.util.concurrent.FutureTask.run(FutureTask.java:264)
	at java.base/java.util.concurrent.ThreadPoolExecutor.runWorker(ThreadPoolExecutor.java:1136)
	at java.base/java.util.concurrent.ThreadPoolExecutor$Worker.run(ThreadPoolExecutor.java:635)
	at java.base/java.lang.Thread.run(Thread.java:840)
... Removed 24 stack frames</pre></div><a href='#' onClick='toggleBox("stack-trace99819501", this, "Click to show all stack frames", "Click to hide stack frames")'>Click to show all stack frames</a>
<div class='stack-trace' id='stack-trace99819501'><pre>java.lang.AssertionError: expected [redRail: Train  Booking] but found [redRail: Train Ticket Booking]
	at org.testng.Assert.fail(Assert.java:99)
	at org.testng.Assert.failNotEquals(Assert.java:1037)
	at org.testng.Assert.assertEqualsImpl(Assert.java:140)
	at org.testng.Assert.assertEquals(Assert.java:122)
	at org.testng.Assert.assertEquals(Assert.java:629)
	at org.testng.Assert.assertEquals(Assert.java:639)
	at com.redbus.test.RedBusHomeTest.verifyTrainPage(RedBusHomeTest.java:37)
	at java.base/jdk.internal.reflect.NativeMethodAccessorImpl.invoke0(Native Method)
	at java.base/jdk.internal.reflect.NativeMethodAccessorImpl.invoke(NativeMethodAccessorImpl.java:77)
	at java.base/jdk.internal.reflect.DelegatingMethodAccessorImpl.invoke(DelegatingMethodAccessorImpl.java:43)
	at java.base/java.lang.reflect.Method.invoke(Method.java:568)
	at org.testng.internal.MethodInvocationHelper.invokeMethod(MethodInvocationHelper.java:133)
	at org.testng.internal.TestInvoker.invokeMethod(TestInvoker.java:598)
	at org.testng.internal.TestInvoker.invokeTestMethod(TestInvoker.java:173)
	at org.testng.internal.MethodRunner.runInSequence(MethodRunner.java:46)
	at org.testng.internal.TestInvoker$MethodInvocationAgent.invoke(TestInvoker.java:824)
	at org.testng.internal.TestInvoker.invokeTestMethods(TestInvoker.java:146)
	at org.testng.internal.TestMethodWorker.invokeTestMethods(TestMethodWorker.java:146)
	at org.testng.internal.TestMethodWorker.run(TestMethodWorker.java:128)
	at java.base/java.util.ArrayList.forEach(ArrayList.java:1511)
	at org.testng.TestRunner.privateRun(TestRunner.java:794)
	at org.testng.TestRunner.run(TestRunner.java:596)
	at org.testng.SuiteRunner.runTest(SuiteRunner.java:377)
	at org.testng.SuiteRunner.access$000(SuiteRunner.java:28)
	at org.testng.SuiteRunner$SuiteWorker.run(SuiteRunner.java:418)
	at org.testng.internal.thread.ThreadUtil.lambda$execute$0(ThreadUtil.java:64)
	at java.base/java.util.concurrent.FutureTask.run(FutureTask.java:264)
	at java.base/java.util.concurrent.ThreadPoolExecutor.runWorker(ThreadPoolExecutor.java:1136)
	at java.base/java.util.concurrent.ThreadPoolExecutor$Worker.run(ThreadPoolExecutor.java:635)
	at java.base/java.lang.Thread.run(Thread.java:840)
</pre></div></td>
<td>3</td>
<td>com.redbus.test.RedBusHomeTest@169bb4dd</td></tr>
</table><p>
</body>
</html>