<?xml version="1.0" encoding="UTF-8"?>
<!-- Generated by org.testng.reporters.JUnitXMLReporter -->
<testsuite ignored="4" hostname="IN-PG02P68M" failures="1" tests="11" name="RedBus Tests" time="134.925" errors="0" timestamp="2024-04-21T18:55:34 IST">
  <testcase classname="com.redbus.test.RedBusSearchBusTest" name="invalidSearch" time="9.125"/>
  <testcase classname="com.redbus.test.RedBusSearchBusTest" name="invalidSearch" time="9.953"/>
  <testcase classname="com.redbus.test.RedBusHomeTest" name="verifyHelpPage" time="4.488"/>
  <testcase classname="com.redbus.test.RedBusHomeTest" name="verifyHomePageDeafault" time="0.145"/>
  <testcase classname="com.redbus.test.RedBusHomeTest" name="verifyNaviagteToHomePageBreadcrumb" time="3.684"/>
  <testcase classname="com.redbus.test.RedBusHomeTest" name="verifyNaviagteToHomePageRedBusLogo" time="4.304"/>
  <testcase classname="com.redbus.test.RedBusHelpTest" name="verifyTechnicalHelp" time="8.813"/>
  <testcase classname="com.redbus.test.RedBusHomeTest" name="verifyTrainPage" time="3.264">
    <skipped/>
  </testcase> <!-- verifyTrainPage -->
  <testcase classname="com.redbus.test.RedBusHomeTest" name="verifyTrainPage" time="3.377">
    <failure type="java.lang.AssertionError" message="expected [redRail: Train  Booking] but found [redRail: Train Ticket Booking]">
      <![CDATA[java.lang.AssertionError: expected [redRail: Train  Booking] but found [redRail: Train Ticket Booking]
at com.redbus.test.RedBusHomeTest.verifyTrainPage(RedBusHomeTest.java:37)
at java.base/java.util.ArrayList.forEach(ArrayList.java:1511)
at java.base/java.util.concurrent.FutureTask.run(FutureTask.java:264)
at java.base/java.util.concurrent.ThreadPoolExecutor.runWorker(ThreadPoolExecutor.java:1136)
at java.base/java.util.concurrent.ThreadPoolExecutor$Worker.run(ThreadPoolExecutor.java:635)
at java.base/java.lang.Thread.run(Thread.java:840)
... Removed 24 stack frames]]>
    </failure>
  </testcase> <!-- verifyTrainPage -->
  <testcase classname="com.redbus.test.RedBusSearchBusTest" name="validSearch" time="12.402"/>
  <testcase classname="com.redbus.test.RedBusSearchBusTest" name="validSearch" time="14.72"/>
  <testcase classname="com.redbus.driversetup.DriverSetup" name="@AfterSuite endReport" time="0.0">
    <ignored/>
  </testcase> <!-- @AfterSuite endReport -->
  <testcase classname="com.redbus.driversetup.DriverSetup" name="@AfterSuite endReport" time="0.0">
    <ignored/>
  </testcase> <!-- @AfterSuite endReport -->
  <testcase classname="com.redbus.driversetup.DriverSetup" name="@BeforeSuite setExtent" time="0.0">
    <ignored/>
  </testcase> <!-- @BeforeSuite setExtent -->
  <testcase classname="com.redbus.driversetup.DriverSetup" name="@BeforeSuite setExtent" time="0.0">
    <ignored/>
  </testcase> <!-- @BeforeSuite setExtent -->
</testsuite> <!-- RedBus Tests -->
