<?xml version="1.0" encoding="UTF-8"?>
<testng-results retried="1" ignored="4" total="15" passed="9" failed="1" skipped="0">
  <reporter-output>
  </reporter-output>
  <suite started-at="2024-04-21T18:53:19 IST" name="Parallel Execution Suite" finished-at="2024-04-21T18:55:34 IST" duration-ms="134925">
    <groups>
    </groups>
    <test started-at="2024-04-21T18:53:19 IST" name="RedBus Tests" finished-at="2024-04-21T18:55:34 IST" duration-ms="134925">
      <class name="com.redbus.test.RedBusHomeTest">
        <test-method is-config="true" signature="browserSelection(java.lang.reflect.Method)[pri:0, instance:com.redbus.test.RedBusHomeTest@169bb4dd]" started-at="2024-04-21T18:53:48 IST" name="browserSelection" finished-at="2024-04-21T18:53:52 IST" duration-ms="3403" status="PASS">
          <params>
            <param index="0">
              <value>
                <![CDATA[public void com.redbus.test.RedBusHomeTest.verifyHelpPage()]]>
              </value>
            </param>
          </params>
          <reporter-output>
          </reporter-output>
        </test-method> <!-- browserSelection -->
        <test-method signature="verifyHelpPage()[pri:0, instance:com.redbus.test.RedBusHomeTest@169bb4dd]" started-at="2024-04-21T18:53:52 IST" name="verifyHelpPage" finished-at="2024-04-21T18:53:56 IST" duration-ms="4488" status="PASS">
          <reporter-output>
          </reporter-output>
        </test-method> <!-- verifyHelpPage -->
        <test-method is-config="true" signature="takeScreenShotOnFailureAndTearDown(org.testng.ITestResult)[pri:0, instance:com.redbus.test.RedBusHomeTest@169bb4dd]" started-at="2024-04-21T18:53:56 IST" name="takeScreenShotOnFailureAndTearDown" finished-at="2024-04-21T18:53:58 IST" duration-ms="1381" status="PASS">
          <params>
            <param index="0">
              <value>
                <![CDATA[[TestResult name=verifyHelpPage status=SUCCESS method=RedBusHomeTest.verifyHelpPage()[pri:0, instance:com.redbus.test.RedBusHomeTest@169bb4dd] output={null}]]]>
              </value>
            </param>
          </params>
          <reporter-output>
          </reporter-output>
        </test-method> <!-- takeScreenShotOnFailureAndTearDown -->
        <test-method is-config="true" signature="browserSelection(java.lang.reflect.Method)[pri:0, instance:com.redbus.test.RedBusHomeTest@169bb4dd]" started-at="2024-04-21T18:53:58 IST" name="browserSelection" finished-at="2024-04-21T18:54:02 IST" duration-ms="4480" status="PASS">
          <params>
            <param index="0">
              <value>
                <![CDATA[public void com.redbus.test.RedBusHomeTest.verifyHomePageDeafault()]]>
              </value>
            </param>
          </params>
          <reporter-output>
          </reporter-output>
        </test-method> <!-- browserSelection -->
        <test-method signature="verifyHomePageDeafault()[pri:0, instance:com.redbus.test.RedBusHomeTest@169bb4dd]" started-at="2024-04-21T18:54:02 IST" name="verifyHomePageDeafault" finished-at="2024-04-21T18:54:02 IST" duration-ms="145" status="PASS">
          <reporter-output>
          </reporter-output>
        </test-method> <!-- verifyHomePageDeafault -->
        <test-method is-config="true" signature="takeScreenShotOnFailureAndTearDown(org.testng.ITestResult)[pri:0, instance:com.redbus.test.RedBusHomeTest@169bb4dd]" started-at="2024-04-21T18:54:02 IST" name="takeScreenShotOnFailureAndTearDown" finished-at="2024-04-21T18:54:04 IST" duration-ms="1457" status="PASS">
          <params>
            <param index="0">
              <value>
                <![CDATA[[TestResult name=verifyHomePageDeafault status=SUCCESS method=RedBusHomeTest.verifyHomePageDeafault()[pri:0, instance:com.redbus.test.RedBusHomeTest@169bb4dd] output={null}]]]>
              </value>
            </param>
          </params>
          <reporter-output>
          </reporter-output>
        </test-method> <!-- takeScreenShotOnFailureAndTearDown -->
        <test-method is-config="true" signature="browserSelection(java.lang.reflect.Method)[pri:0, instance:com.redbus.test.RedBusHomeTest@169bb4dd]" started-at="2024-04-21T18:54:04 IST" name="browserSelection" finished-at="2024-04-21T18:54:09 IST" duration-ms="5094" status="PASS">
          <params>
            <param index="0">
              <value>
                <![CDATA[public void com.redbus.test.RedBusHomeTest.verifyNaviagteToHomePageBreadcrumb()]]>
              </value>
            </param>
          </params>
          <reporter-output>
          </reporter-output>
        </test-method> <!-- browserSelection -->
        <test-method signature="verifyNaviagteToHomePageBreadcrumb()[pri:0, instance:com.redbus.test.RedBusHomeTest@169bb4dd]" started-at="2024-04-21T18:54:09 IST" name="verifyNaviagteToHomePageBreadcrumb" finished-at="2024-04-21T18:54:13 IST" duration-ms="3684" status="PASS">
          <reporter-output>
          </reporter-output>
        </test-method> <!-- verifyNaviagteToHomePageBreadcrumb -->
        <test-method is-config="true" signature="takeScreenShotOnFailureAndTearDown(org.testng.ITestResult)[pri:0, instance:com.redbus.test.RedBusHomeTest@169bb4dd]" started-at="2024-04-21T18:54:13 IST" name="takeScreenShotOnFailureAndTearDown" finished-at="2024-04-21T18:54:14 IST" duration-ms="1469" status="PASS">
          <params>
            <param index="0">
              <value>
                <![CDATA[[TestResult name=verifyNaviagteToHomePageBreadcrumb status=SUCCESS method=RedBusHomeTest.verifyNaviagteToHomePageBreadcrumb()[pri:0, instance:com.redbus.test.RedBusHomeTest@169bb4dd] output={null}]]]>
              </value>
            </param>
          </params>
          <reporter-output>
          </reporter-output>
        </test-method> <!-- takeScreenShotOnFailureAndTearDown -->
        <test-method is-config="true" signature="browserSelection(java.lang.reflect.Method)[pri:0, instance:com.redbus.test.RedBusHomeTest@169bb4dd]" started-at="2024-04-21T18:54:14 IST" name="browserSelection" finished-at="2024-04-21T18:54:18 IST" duration-ms="4004" status="PASS">
          <params>
            <param index="0">
              <value>
                <![CDATA[public void com.redbus.test.RedBusHomeTest.verifyNaviagteToHomePageRedBusLogo()]]>
              </value>
            </param>
          </params>
          <reporter-output>
          </reporter-output>
        </test-method> <!-- browserSelection -->
        <test-method signature="verifyNaviagteToHomePageRedBusLogo()[pri:0, instance:com.redbus.test.RedBusHomeTest@169bb4dd]" started-at="2024-04-21T18:54:18 IST" name="verifyNaviagteToHomePageRedBusLogo" finished-at="2024-04-21T18:54:22 IST" duration-ms="4304" status="PASS">
          <reporter-output>
          </reporter-output>
        </test-method> <!-- verifyNaviagteToHomePageRedBusLogo -->
        <test-method is-config="true" signature="takeScreenShotOnFailureAndTearDown(org.testng.ITestResult)[pri:0, instance:com.redbus.test.RedBusHomeTest@169bb4dd]" started-at="2024-04-21T18:54:22 IST" name="takeScreenShotOnFailureAndTearDown" finished-at="2024-04-21T18:54:24 IST" duration-ms="1516" status="PASS">
          <params>
            <param index="0">
              <value>
                <![CDATA[[TestResult name=verifyNaviagteToHomePageRedBusLogo status=SUCCESS method=RedBusHomeTest.verifyNaviagteToHomePageRedBusLogo()[pri:0, instance:com.redbus.test.RedBusHomeTest@169bb4dd] output={null}]]]>
              </value>
            </param>
          </params>
          <reporter-output>
          </reporter-output>
        </test-method> <!-- takeScreenShotOnFailureAndTearDown -->
        <test-method is-config="true" signature="browserSelection(java.lang.reflect.Method)[pri:0, instance:com.redbus.test.RedBusHomeTest@169bb4dd]" started-at="2024-04-21T18:54:38 IST" name="browserSelection" finished-at="2024-04-21T18:54:42 IST" duration-ms="3799" status="PASS">
          <params>
            <param index="0">
              <value>
                <![CDATA[public void com.redbus.test.RedBusHomeTest.verifyTrainPage()]]>
              </value>
            </param>
          </params>
          <reporter-output>
          </reporter-output>
        </test-method> <!-- browserSelection -->
        <test-method retried="true" signature="verifyTrainPage()[pri:0, instance:com.redbus.test.RedBusHomeTest@169bb4dd]" started-at="2024-04-21T18:54:42 IST" name="verifyTrainPage" finished-at="2024-04-21T18:54:45 IST" duration-ms="3264" status="SKIP">
          <exception class="java.lang.AssertionError">
            <message>
              <![CDATA[expected [redRail: Train  Booking] but found [redRail: Train Ticket Booking]]]>
            </message>
            <full-stacktrace>
              <![CDATA[java.lang.AssertionError: expected [redRail: Train  Booking] but found [redRail: Train Ticket Booking]
at org.testng.Assert.fail(Assert.java:99)
at org.testng.Assert.failNotEquals(Assert.java:1037)
at org.testng.Assert.assertEqualsImpl(Assert.java:140)
at org.testng.Assert.assertEquals(Assert.java:122)
at org.testng.Assert.assertEquals(Assert.java:629)
at org.testng.Assert.assertEquals(Assert.java:639)
at com.redbus.test.RedBusHomeTest.verifyTrainPage(RedBusHomeTest.java:37)
at java.base/jdk.internal.reflect.NativeMethodAccessorImpl.invoke0(Native Method)
at java.base/jdk.internal.reflect.NativeMethodAccessorImpl.invoke(NativeMethodAccessorImpl.java:77)
at java.base/jdk.internal.reflect.DelegatingMethodAccessorImpl.invoke(DelegatingMethodAccessorImpl.java:43)
at java.base/java.lang.reflect.Method.invoke(Method.java:568)
at org.testng.internal.MethodInvocationHelper.invokeMethod(MethodInvocationHelper.java:133)
at org.testng.internal.TestInvoker.invokeMethod(TestInvoker.java:598)
at org.testng.internal.TestInvoker.invokeTestMethod(TestInvoker.java:173)
at org.testng.internal.MethodRunner.runInSequence(MethodRunner.java:46)
at org.testng.internal.TestInvoker$MethodInvocationAgent.invoke(TestInvoker.java:824)
at org.testng.internal.TestInvoker.invokeTestMethods(TestInvoker.java:146)
at org.testng.internal.TestMethodWorker.invokeTestMethods(TestMethodWorker.java:146)
at org.testng.internal.TestMethodWorker.run(TestMethodWorker.java:128)
at java.base/java.util.ArrayList.forEach(ArrayList.java:1511)
at org.testng.TestRunner.privateRun(TestRunner.java:794)
at org.testng.TestRunner.run(TestRunner.java:596)
at org.testng.SuiteRunner.runTest(SuiteRunner.java:377)
at org.testng.SuiteRunner.access$000(SuiteRunner.java:28)
at org.testng.SuiteRunner$SuiteWorker.run(SuiteRunner.java:418)
at org.testng.internal.thread.ThreadUtil.lambda$execute$0(ThreadUtil.java:64)
at java.base/java.util.concurrent.FutureTask.run(FutureTask.java:264)
at java.base/java.util.concurrent.ThreadPoolExecutor.runWorker(ThreadPoolExecutor.java:1136)
at java.base/java.util.concurrent.ThreadPoolExecutor$Worker.run(ThreadPoolExecutor.java:635)
at java.base/java.lang.Thread.run(Thread.java:840)
]]>
            </full-stacktrace>
          </exception> <!-- java.lang.AssertionError -->
          <reporter-output>
          </reporter-output>
        </test-method> <!-- verifyTrainPage -->
        <test-method is-config="true" signature="takeScreenShotOnFailureAndTearDown(org.testng.ITestResult)[pri:0, instance:com.redbus.test.RedBusHomeTest@169bb4dd]" started-at="2024-04-21T18:54:45 IST" name="takeScreenShotOnFailureAndTearDown" finished-at="2024-04-21T18:54:46 IST" duration-ms="1386" status="PASS">
          <params>
            <param index="0">
              <value>
                <![CDATA[[TestResult name=verifyTrainPage status=SKIP method=RedBusHomeTest.verifyTrainPage()[pri:0, instance:com.redbus.test.RedBusHomeTest@169bb4dd] output={null}]]]>
              </value>
            </param>
          </params>
          <reporter-output>
          </reporter-output>
        </test-method> <!-- takeScreenShotOnFailureAndTearDown -->
        <test-method is-config="true" signature="browserSelection(java.lang.reflect.Method)[pri:0, instance:com.redbus.test.RedBusHomeTest@169bb4dd]" started-at="2024-04-21T18:54:46 IST" name="browserSelection" finished-at="2024-04-21T18:54:50 IST" duration-ms="3773" status="PASS">
          <params>
            <param index="0">
              <value>
                <![CDATA[public void com.redbus.test.RedBusHomeTest.verifyTrainPage()]]>
              </value>
            </param>
          </params>
          <reporter-output>
          </reporter-output>
        </test-method> <!-- browserSelection -->
        <test-method signature="verifyTrainPage()[pri:0, instance:com.redbus.test.RedBusHomeTest@169bb4dd]" started-at="2024-04-21T18:54:50 IST" name="verifyTrainPage" finished-at="2024-04-21T18:54:54 IST" duration-ms="3377" status="FAIL">
          <exception class="java.lang.AssertionError">
            <message>
              <![CDATA[expected [redRail: Train  Booking] but found [redRail: Train Ticket Booking]]]>
            </message>
            <full-stacktrace>
              <![CDATA[java.lang.AssertionError: expected [redRail: Train  Booking] but found [redRail: Train Ticket Booking]
at org.testng.Assert.fail(Assert.java:99)
at org.testng.Assert.failNotEquals(Assert.java:1037)
at org.testng.Assert.assertEqualsImpl(Assert.java:140)
at org.testng.Assert.assertEquals(Assert.java:122)
at org.testng.Assert.assertEquals(Assert.java:629)
at org.testng.Assert.assertEquals(Assert.java:639)
at com.redbus.test.RedBusHomeTest.verifyTrainPage(RedBusHomeTest.java:37)
at java.base/jdk.internal.reflect.NativeMethodAccessorImpl.invoke0(Native Method)
at java.base/jdk.internal.reflect.NativeMethodAccessorImpl.invoke(NativeMethodAccessorImpl.java:77)
at java.base/jdk.internal.reflect.DelegatingMethodAccessorImpl.invoke(DelegatingMethodAccessorImpl.java:43)
at java.base/java.lang.reflect.Method.invoke(Method.java:568)
at org.testng.internal.MethodInvocationHelper.invokeMethod(MethodInvocationHelper.java:133)
at org.testng.internal.TestInvoker.invokeMethod(TestInvoker.java:598)
at org.testng.internal.TestInvoker.retryFailed(TestInvoker.java:213)
at org.testng.internal.MethodRunner.runInSequence(MethodRunner.java:58)
at org.testng.internal.TestInvoker$MethodInvocationAgent.invoke(TestInvoker.java:824)
at org.testng.internal.TestInvoker.invokeTestMethods(TestInvoker.java:146)
at org.testng.internal.TestMethodWorker.invokeTestMethods(TestMethodWorker.java:146)
at org.testng.internal.TestMethodWorker.run(TestMethodWorker.java:128)
at java.base/java.util.ArrayList.forEach(ArrayList.java:1511)
at org.testng.TestRunner.privateRun(TestRunner.java:794)
at org.testng.TestRunner.run(TestRunner.java:596)
at org.testng.SuiteRunner.runTest(SuiteRunner.java:377)
at org.testng.SuiteRunner.access$000(SuiteRunner.java:28)
at org.testng.SuiteRunner$SuiteWorker.run(SuiteRunner.java:418)
at org.testng.internal.thread.ThreadUtil.lambda$execute$0(ThreadUtil.java:64)
at java.base/java.util.concurrent.FutureTask.run(FutureTask.java:264)
at java.base/java.util.concurrent.ThreadPoolExecutor.runWorker(ThreadPoolExecutor.java:1136)
at java.base/java.util.concurrent.ThreadPoolExecutor$Worker.run(ThreadPoolExecutor.java:635)
at java.base/java.lang.Thread.run(Thread.java:840)
]]>
            </full-stacktrace>
          </exception> <!-- java.lang.AssertionError -->
          <reporter-output>
          </reporter-output>
        </test-method> <!-- verifyTrainPage -->
        <test-method is-config="true" signature="takeScreenShotOnFailureAndTearDown(org.testng.ITestResult)[pri:0, instance:com.redbus.test.RedBusHomeTest@169bb4dd]" started-at="2024-04-21T18:54:54 IST" name="takeScreenShotOnFailureAndTearDown" finished-at="2024-04-21T18:54:56 IST" duration-ms="2093" status="PASS">
          <params>
            <param index="0">
              <value>
                <![CDATA[[TestResult name=verifyTrainPage status=FAILURE method=RedBusHomeTest.verifyTrainPage()[pri:0, instance:com.redbus.test.RedBusHomeTest@169bb4dd] output={null}]]]>
              </value>
            </param>
          </params>
          <reporter-output>
          </reporter-output>
        </test-method> <!-- takeScreenShotOnFailureAndTearDown -->
      </class> <!-- com.redbus.test.RedBusHomeTest -->
      <class name="com.redbus.test.RedBusSearchBusTest">
        <test-method is-config="true" signature="setExtent()[pri:0, instance:com.redbus.test.RedBusSearchBusTest@7fb4f2a9]" started-at="2024-04-21T18:53:18 IST" name="setExtent" finished-at="2024-04-21T18:53:19 IST" duration-ms="127" status="PASS">
          <reporter-output>
          </reporter-output>
        </test-method> <!-- setExtent -->
        <test-method is-config="true" signature="browserSelection(java.lang.reflect.Method)[pri:0, instance:com.redbus.test.RedBusSearchBusTest@7fb4f2a9]" started-at="2024-04-21T18:53:19 IST" name="browserSelection" finished-at="2024-04-21T18:53:23 IST" duration-ms="3694" status="PASS">
          <params>
            <param index="0">
              <value>
                <![CDATA[public void com.redbus.test.RedBusSearchBusTest.invalidSearch(java.lang.String,java.lang.String,java.lang.String,java.lang.String) throws java.lang.InterruptedException]]>
              </value>
            </param>
          </params>
          <reporter-output>
          </reporter-output>
        </test-method> <!-- browserSelection -->
        <test-method signature="invalidSearch(java.lang.String,java.lang.String,java.lang.String,java.lang.String)[pri:0, instance:com.redbus.test.RedBusSearchBusTest@7fb4f2a9]" started-at="2024-04-21T18:53:23 IST" name="invalidSearch" data-provider="TestData" finished-at="2024-04-21T18:53:32 IST" duration-ms="9125" status="PASS">
          <params>
            <param index="0">
              <value>
                <![CDATA[123456709765e]]>
              </value>
            </param>
            <param index="1">
              <value>
                <![CDATA[Delhi]]>
              </value>
            </param>
            <param index="2">
              <value>
                <![CDATA[20-May 2024]]>
              </value>
            </param>
            <param index="3">
              <value>
                <![CDATA[India's No. 1 Online Bus Ticket Booking Site]]>
              </value>
            </param>
          </params>
          <reporter-output>
          </reporter-output>
        </test-method> <!-- invalidSearch -->
        <test-method is-config="true" signature="takeScreenShotOnFailureAndTearDown(org.testng.ITestResult)[pri:0, instance:com.redbus.test.RedBusSearchBusTest@7fb4f2a9]" started-at="2024-04-21T18:53:32 IST" name="takeScreenShotOnFailureAndTearDown" finished-at="2024-04-21T18:53:33 IST" duration-ms="1492" status="PASS">
          <params>
            <param index="0">
              <value>
                <![CDATA[[TestResult name=invalidSearch status=SUCCESS method=RedBusSearchBusTest.invalidSearch(java.lang.String,java.lang.String,java.lang.String,java.lang.String)[pri:0, instance:com.redbus.test.RedBusSearchBusTest@7fb4f2a9] output={null}]]]>
              </value>
            </param>
          </params>
          <reporter-output>
          </reporter-output>
        </test-method> <!-- takeScreenShotOnFailureAndTearDown -->
        <test-method is-config="true" signature="browserSelection(java.lang.reflect.Method)[pri:0, instance:com.redbus.test.RedBusSearchBusTest@7fb4f2a9]" started-at="2024-04-21T18:53:33 IST" name="browserSelection" finished-at="2024-04-21T18:53:37 IST" duration-ms="3651" status="PASS">
          <params>
            <param index="0">
              <value>
                <![CDATA[public void com.redbus.test.RedBusSearchBusTest.invalidSearch(java.lang.String,java.lang.String,java.lang.String,java.lang.String) throws java.lang.InterruptedException]]>
              </value>
            </param>
          </params>
          <reporter-output>
          </reporter-output>
        </test-method> <!-- browserSelection -->
        <test-method signature="invalidSearch(java.lang.String,java.lang.String,java.lang.String,java.lang.String)[pri:0, instance:com.redbus.test.RedBusSearchBusTest@7fb4f2a9]" started-at="2024-04-21T18:53:37 IST" name="invalidSearch" data-provider="TestData" finished-at="2024-04-21T18:53:47 IST" duration-ms="9953" status="PASS">
          <params>
            <param index="0">
              <value>
                <![CDATA[Mumbai]]>
              </value>
            </param>
            <param index="1">
              <value>
                <![CDATA[123456709765e]]>
              </value>
            </param>
            <param index="2">
              <value>
                <![CDATA[21-May 2024]]>
              </value>
            </param>
            <param index="3">
              <value>
                <![CDATA[India's No. 1 Online Bus Ticket Booking Site]]>
              </value>
            </param>
          </params>
          <reporter-output>
          </reporter-output>
        </test-method> <!-- invalidSearch -->
        <test-method is-config="true" signature="takeScreenShotOnFailureAndTearDown(org.testng.ITestResult)[pri:0, instance:com.redbus.test.RedBusSearchBusTest@7fb4f2a9]" started-at="2024-04-21T18:53:47 IST" name="takeScreenShotOnFailureAndTearDown" finished-at="2024-04-21T18:53:48 IST" duration-ms="1419" status="PASS">
          <params>
            <param index="0">
              <value>
                <![CDATA[[TestResult name=invalidSearch status=SUCCESS method=RedBusSearchBusTest.invalidSearch(java.lang.String,java.lang.String,java.lang.String,java.lang.String)[pri:0, instance:com.redbus.test.RedBusSearchBusTest@7fb4f2a9] output={null}]]]>
              </value>
            </param>
          </params>
          <reporter-output>
          </reporter-output>
        </test-method> <!-- takeScreenShotOnFailureAndTearDown -->
        <test-method is-config="true" signature="browserSelection(java.lang.reflect.Method)[pri:0, instance:com.redbus.test.RedBusSearchBusTest@7fb4f2a9]" started-at="2024-04-21T18:54:56 IST" name="browserSelection" finished-at="2024-04-21T18:55:00 IST" duration-ms="3753" status="PASS">
          <params>
            <param index="0">
              <value>
                <![CDATA[public void com.redbus.test.RedBusSearchBusTest.validSearch(java.lang.String,java.lang.String,java.lang.String,java.lang.String) throws java.lang.InterruptedException]]>
              </value>
            </param>
          </params>
          <reporter-output>
          </reporter-output>
        </test-method> <!-- browserSelection -->
        <test-method signature="validSearch(java.lang.String,java.lang.String,java.lang.String,java.lang.String)[pri:1, instance:com.redbus.test.RedBusSearchBusTest@7fb4f2a9]" started-at="2024-04-21T18:55:00 IST" name="validSearch" data-provider="TestData1" finished-at="2024-04-21T18:55:12 IST" duration-ms="12402" status="PASS">
          <params>
            <param index="0">
              <value>
                <![CDATA[Meerut]]>
              </value>
            </param>
            <param index="1">
              <value>
                <![CDATA[Delhi]]>
              </value>
            </param>
            <param index="2">
              <value>
                <![CDATA[20-May 2024]]>
              </value>
            </param>
            <param index="3">
              <value>
                <![CDATA[Meerut to Delhi Bus]]>
              </value>
            </param>
          </params>
          <reporter-output>
          </reporter-output>
        </test-method> <!-- validSearch -->
        <test-method is-config="true" signature="takeScreenShotOnFailureAndTearDown(org.testng.ITestResult)[pri:0, instance:com.redbus.test.RedBusSearchBusTest@7fb4f2a9]" started-at="2024-04-21T18:55:12 IST" name="takeScreenShotOnFailureAndTearDown" finished-at="2024-04-21T18:55:13 IST" duration-ms="1478" status="PASS">
          <params>
            <param index="0">
              <value>
                <![CDATA[[TestResult name=validSearch status=SUCCESS method=RedBusSearchBusTest.validSearch(java.lang.String,java.lang.String,java.lang.String,java.lang.String)[pri:1, instance:com.redbus.test.RedBusSearchBusTest@7fb4f2a9] output={null}]]]>
              </value>
            </param>
          </params>
          <reporter-output>
          </reporter-output>
        </test-method> <!-- takeScreenShotOnFailureAndTearDown -->
        <test-method is-config="true" signature="browserSelection(java.lang.reflect.Method)[pri:0, instance:com.redbus.test.RedBusSearchBusTest@7fb4f2a9]" started-at="2024-04-21T18:55:13 IST" name="browserSelection" finished-at="2024-04-21T18:55:17 IST" duration-ms="3759" status="PASS">
          <params>
            <param index="0">
              <value>
                <![CDATA[public void com.redbus.test.RedBusSearchBusTest.validSearch(java.lang.String,java.lang.String,java.lang.String,java.lang.String) throws java.lang.InterruptedException]]>
              </value>
            </param>
          </params>
          <reporter-output>
          </reporter-output>
        </test-method> <!-- browserSelection -->
        <test-method signature="validSearch(java.lang.String,java.lang.String,java.lang.String,java.lang.String)[pri:1, instance:com.redbus.test.RedBusSearchBusTest@7fb4f2a9]" started-at="2024-04-21T18:55:17 IST" name="validSearch" data-provider="TestData1" finished-at="2024-04-21T18:55:32 IST" duration-ms="14720" status="PASS">
          <params>
            <param index="0">
              <value>
                <![CDATA[Delhi]]>
              </value>
            </param>
            <param index="1">
              <value>
                <![CDATA[Meerut]]>
              </value>
            </param>
            <param index="2">
              <value>
                <![CDATA[21-May 2024]]>
              </value>
            </param>
            <param index="3">
              <value>
                <![CDATA[Delhi to Meerut Bus]]>
              </value>
            </param>
          </params>
          <reporter-output>
          </reporter-output>
        </test-method> <!-- validSearch -->
        <test-method is-config="true" signature="takeScreenShotOnFailureAndTearDown(org.testng.ITestResult)[pri:0, instance:com.redbus.test.RedBusSearchBusTest@7fb4f2a9]" started-at="2024-04-21T18:55:32 IST" name="takeScreenShotOnFailureAndTearDown" finished-at="2024-04-21T18:55:34 IST" duration-ms="1618" status="PASS">
          <params>
            <param index="0">
              <value>
                <![CDATA[[TestResult name=validSearch status=SUCCESS method=RedBusSearchBusTest.validSearch(java.lang.String,java.lang.String,java.lang.String,java.lang.String)[pri:1, instance:com.redbus.test.RedBusSearchBusTest@7fb4f2a9] output={null}]]]>
              </value>
            </param>
          </params>
          <reporter-output>
          </reporter-output>
        </test-method> <!-- takeScreenShotOnFailureAndTearDown -->
        <test-method is-config="true" signature="endReport()[pri:0, instance:com.redbus.test.RedBusSearchBusTest@7fb4f2a9]" started-at="2024-04-21T18:55:34 IST" name="endReport" finished-at="2024-04-21T18:55:34 IST" duration-ms="610" status="PASS">
          <reporter-output>
          </reporter-output>
        </test-method> <!-- endReport -->
      </class> <!-- com.redbus.test.RedBusSearchBusTest -->
      <class name="com.redbus.test.RedBusHelpTest">
        <test-method is-config="true" signature="browserSelection(java.lang.reflect.Method)[pri:0, instance:com.redbus.test.RedBusHelpTest@626abbd0]" started-at="2024-04-21T18:54:24 IST" name="browserSelection" finished-at="2024-04-21T18:54:28 IST" duration-ms="4018" status="PASS">
          <params>
            <param index="0">
              <value>
                <![CDATA[public void com.redbus.test.RedBusHelpTest.verifyTechnicalHelp() throws java.lang.InterruptedException]]>
              </value>
            </param>
          </params>
          <reporter-output>
          </reporter-output>
        </test-method> <!-- browserSelection -->
        <test-method signature="verifyTechnicalHelp()[pri:0, instance:com.redbus.test.RedBusHelpTest@626abbd0]" started-at="2024-04-21T18:54:28 IST" name="verifyTechnicalHelp" finished-at="2024-04-21T18:54:37 IST" duration-ms="8813" status="PASS">
          <reporter-output>
          </reporter-output>
        </test-method> <!-- verifyTechnicalHelp -->
        <test-method is-config="true" signature="takeScreenShotOnFailureAndTearDown(org.testng.ITestResult)[pri:0, instance:com.redbus.test.RedBusHelpTest@626abbd0]" started-at="2024-04-21T18:54:37 IST" name="takeScreenShotOnFailureAndTearDown" finished-at="2024-04-21T18:54:38 IST" duration-ms="1406" status="PASS">
          <params>
            <param index="0">
              <value>
                <![CDATA[[TestResult name=verifyTechnicalHelp status=SUCCESS method=RedBusHelpTest.verifyTechnicalHelp()[pri:0, instance:com.redbus.test.RedBusHelpTest@626abbd0] output={null}]]]>
              </value>
            </param>
          </params>
          <reporter-output>
          </reporter-output>
        </test-method> <!-- takeScreenShotOnFailureAndTearDown -->
      </class> <!-- com.redbus.test.RedBusHelpTest -->
    </test> <!-- RedBus Tests -->
  </suite> <!-- Parallel Execution Suite -->
</testng-results>
